a860aeaf01d2e1aeb7,258850810158ecd17d,12ce11cd0169727a95,aff362fa01e899e6a8	
bffeeef601ab209de5,1b70030801ffc453d1,cda45a840162c7bb94,bd41b49a01709d3899	
87a9323001c835bb1a,30adbba901f98647f5,f36a364601630f0413,e314e8ae01d3dd2d2a,382ca941011275e075	
c5f6a1b4016ea8eb49,b54387a1018d0651f0,da6e2352013c66053c,f8fbda3001304ec280	
822fbfdb01cf2478ed,c4498d1801e9e380d3,b02ea2e4019b2163fa	
e2457290011e08d394,ad5d4de3016125a2b0	
7ad4092701d2259ff3,f2c2169a01f505e6d4,535fc96301cac9decc,c44ae6980112922f88	
4eff786a01131b959d,d64878a9012b19f4ed,c18635dd01f5e6b077,357e5bcd0165711317	
ca712aa301035d607b,272da56701412609f0,04177106010f29c30b,6794347401df7ea815	
67fe971e011ad45464,d22662dc0161018ab7,dc91a66d016e006408,398ff50401cd4a0644	
bbf5a1e7018a63449b,a24dfe70017fde875c,bd8f4e4d01af606549	
3c6a1755016a55d6f7	
25ac5cc00166ad8174,d770b295018f649592,11055bbd016ee0794e,12e78b0101d56d7bcd,d24aa4ca014ca077bc	
1d55623f01ddf4c304,28a007a00128421f09,5ca2783f0156ae4bab	
807ce71d0121b4bd65,a2b6aaad01a42b27a2,002f1f2d0171c1f6d8	
a42500c3018cb5c419	
08dc239501509f214b,fd5329bc01675316da	
cd6fef5601863cb0ec,b9291152013d9db30a,58334b040199814815	
a65922ba0100780178	
4a29ca470113b4e613,5ae24c3801ddca58ca,e027d8ac01439e87fa,cb58499101f3f0e494	
e34a4bc30114ad9671,56ae54b5015f2f5595	
5dc4c51f01733cc12c,676fe393011591a39e,ebf33090010c0b4e35	
d5efeb2401ede0d99a,53f78b0001676770d4	
5966a6b501868a3e22,72bb286201c9a1e548,dd1cffda01adfcfe26,e64ae08c01b73ef641	
f181c4c301eeeea50e,46638ada018d6d2604,68b2aac6019e11e238	
c3f4e5ba01b54f7905,cae44be701cec0cd5f,5139c2c301bd4e7d31,7fb75f6401d81ace64	
2d5fd80201a4e07323,bd666bd40195c6dbda	
cfe68921012cc94dcf	
6cda4cea0161a46de6,ac3287ca018cf40ed2,985761260163856fd2	
e630c454012a6de392,02a49b5a0168077bfc,8e22c22f018be92121,b44e1d5e018e70f746,759c9d1301a1618bc5	
f4b1c3e00197ed8829,985ac79b0105a91309,8393973e015d8ebd44,681ad9370128fafd39	
7f0ce06d0176ea27a7,fe820bf201b4d27764	
bb3ecd650165cd814a	
b2e43114017213775d,c305bf5a010b71d123,8853dd00010376ddbf,59ae6c43013d42370f	
982f3f5e01d5432586,c6f2e6c8016bb82aa9	
03d10444011870c7be,526c799901e0e3fc71,072db66001fd470045,bb345f3601b93f2f20,84c80ee401edfd8091	
95ecec6101893dc118,9028391e01366596bc,757bbeef01c78d6fc5,776bd52e010cf0357a	
f03f2e05014ced123c,40a2bf9d01716441f9,bc514a4d016d17e1b5	
b7c5aeae01616bdd9c,2ea2e2070144caebf7	
6d594cb301e46fb5a2,c11f1f34011778c29d,1a07b8ff012a56b607,8ed270b6011d047a73	
56beecfb01e678284b,8443ee2c01f51d4c4e,123a76d101ea93086f,75247cc7019dddc1cc	
e8c204e001a800019d,73acd5d70161d60344	
36a9ed11010195613f,f4d3652a01ec735f47,67338e6701c233aa07,f1f4c936025100acb3	
46801e6302febe017a,d306020502eb900c31,6c9d89fe0221803b8d	
dd7b88ae029aee3d6b,88ed4f4002032b2c63,4e61ca9d023ea9ee4d	
4247d43d027c24a8ad	
defafd280285de034a,014f9f5b022b0aecd4	
9e5e8b3b02a1947ba4,abafd5970292595070	
5611aa0102bc1fc38a,ae9f6c0b025a1b6816,a6b6683602eaed9db1	
559de9c602f2af444d,25807a5002aeb8fdb4,94d3762502a635031d,51388f9a020478a753,95dbc54b02414275ef
